<?xml version="1.0" encoding="UTF-8"?>
<!-- Generated by org.testng.reporters.JUnitXMLReporter -->
<testsuite ignored="1" hostname="RadwaH-HR" failures="0" tests="2" name="FirstDemo Test" time="11.537" errors="0" timestamp="2023-10-25T16:29:39 EET">
  <testcase classname="com.google.selenium.test.TestNGDemo" name="getCurrentURL" time="6.535"/>
  <testcase classname="com.google.selenium.test.TestNGDemo" name="getTitle" time="0.009"/>
  <testcase classname="com.google.selenium.test.TestNGDemo" name="gdisba" time="0.0">
    <ignored/>
  </testcase> <!-- gdisba -->
</testsuite> <!-- FirstDemo Test -->
